<?xml version="1.0" encoding="UTF-8"?>
<!-- Generated by org.testng.reporters.JUnitReportReporter -->
<testsuite hostname="LAPTOP-GCEPLDKO" failures="0" tests="1" name="TesttRunrrrr.TesttRuunner" time="18.200" errors="0" timestamp="2021-08-15T11:00:09 PDT" skipped="0">
  <testcase classname="TesttRunrrrr.TesttRuunner" name="feature" time="18.200"/>
  <system-out/>
</testsuite> <!-- TesttRunrrrr.TesttRuunner -->
