<?xml version="1.0" encoding="UTF-8"?>
<!-- Generated by org.testng.reporters.JUnitReportReporter -->
<testsuite hostname="LAPTOP-GCEPLDKO" failures="0" tests="1" name="TesttRunrrrr.TesttRuunner" time="16.716" errors="0" timestamp="2021-08-21T17:23:17 PDT" skipped="0">
  <testcase classname="TesttRunrrrr.TesttRuunner" name="feature" time="16.716"/>
  <system-out/>
</testsuite> <!-- TesttRunrrrr.TesttRuunner -->
