<?xml version="1.0" encoding="UTF-8"?>
<!-- Generated by org.testng.reporters.JUnitReportReporter -->
<testsuite hostname="LAPTOP-GCEPLDKO" failures="0" tests="1" name="TesttRunrrrr.TesttRuunner" time="17.948" errors="0" timestamp="2021-07-02T01:15:13 PDT" skipped="0">
  <testcase classname="TesttRunrrrr.TesttRuunner" name="feature" time="17.948"/>
  <system-out/>
</testsuite> <!-- TesttRunrrrr.TesttRuunner -->
